<?xml version="1.0" encoding="UTF-8"?>
<!-- Generated by org.testng.reporters.JUnitReportReporter -->
<testsuite hostname="DESKTOP-VB7HGOJ" failures="0" tests="1" name="com.enginehire.framework.testcases.TC_003_Submit_Form" time="50.884" errors="0" timestamp="2022-08-25T23:45:16 IST" skipped="0">
  <testcase classname="com.enginehire.framework.testcases.TC_003_Submit_Form" name="tc_003_01_SubmitForm" time="50.884"/>
  <system-out/>
</testsuite> <!-- com.enginehire.framework.testcases.TC_003_Submit_Form -->
