<?xml version="1.0" encoding="UTF-8"?>
<!-- Generated by org.testng.reporters.JUnitReportReporter -->
<testsuite hostname="DESKTOP-VB7HGOJ" failures="0" tests="1" name="com.enginehire.framework.testcases.TC_004_Candidates" time="11.642" errors="0" timestamp="2022-08-25T23:45:16 IST" skipped="0">
  <testcase classname="com.enginehire.framework.testcases.TC_004_Candidates" name="tc_004_01_VerifyForm" time="11.642"/>
  <system-out/>
</testsuite> <!-- com.enginehire.framework.testcases.TC_004_Candidates -->
