<?xml version="1.0" encoding="UTF-8"?>
<!-- Generated by org.testng.reporters.JUnitReportReporter -->
<testsuite hostname="DESKTOP-VB7HGOJ" failures="0" tests="1" name="com.enginehire.framework.testcases.TC_002_Copy_Application_Form_link" time="16.082" errors="0" timestamp="2022-08-25T23:45:16 IST" skipped="0">
  <testcase classname="com.enginehire.framework.testcases.TC_002_Copy_Application_Form_link" name="tc_002_01_Copy_Link" time="16.082"/>
  <system-out/>
</testsuite> <!-- com.enginehire.framework.testcases.TC_002_Copy_Application_Form_link -->
