<?xml version="1.0" encoding="UTF-8"?>
<!-- Generated by org.testng.reporters.JUnitReportReporter -->
<testsuite hostname="DESKTOP-1MSC57B" failures="0" tests="1" name="com.enginehire.framework.testcases.TC_004_Verify_form_submission" time="14.838" errors="0" timestamp="2022-08-25T18:39:10 IST" skipped="0">
  <testcase classname="com.enginehire.framework.testcases.TC_004_Verify_form_submission" name="tc_004_01_VerifyForm" time="14.838"/>
  <system-out/>
</testsuite> <!-- com.enginehire.framework.testcases.TC_004_Verify_form_submission -->
